<?xml version="1.0" encoding="UTF-8"?>
<!-- Generated by org.testng.reporters.JUnitReportReporter -->
<testsuite hostname="HORNET" failures="0" tests="1" name="Interview.ExistingUserLoginTest" time="3.452" errors="0" timestamp="2023-04-10T10:48:14 AEST" skipped="0">
  <testcase classname="Interview.ExistingUserLoginTest" name="Login" time="3.452"/>
  <system-out/>
</testsuite> <!-- Interview.ExistingUserLoginTest -->
