<?xml version="1.0" encoding="UTF-8"?>
<!-- Generated by org.testng.reporters.JUnitReportReporter -->
<testsuite hostname="HORNET" failures="0" tests="1" name="Interview.AddressPageTest" time="19.541" errors="0" timestamp="2023-04-10T11:12:57 AEST" skipped="0">
  <testcase classname="Interview.AddressPageTest" name="AddressforDelivery" time="19.541"/>
  <system-out/>
</testsuite> <!-- Interview.AddressPageTest -->
