<?xml version="1.0" encoding="UTF-8"?>
<!-- Generated by org.testng.reporters.JUnitReportReporter -->
<testsuite hostname="HORNET" failures="0" tests="1" name="Interview.PlaceOrderTest" time="50.410" errors="0" timestamp="2023-04-10T11:15:02 AEST" skipped="0">
  <testcase classname="Interview.PlaceOrderTest" name="PlaceOrder" time="50.410"/>
  <system-out/>
</testsuite> <!-- Interview.PlaceOrderTest -->
