<?xml version="1.0" encoding="UTF-8"?>
<!-- Generated by org.testng.reporters.JUnitReportReporter -->
<testsuite hostname="HORNET" failures="0" tests="1" name="Interview.CartCheckoutTest" time="25.176" errors="0" timestamp="2023-04-10T11:09:34 AEST" skipped="0">
  <testcase classname="Interview.CartCheckoutTest" name="VerifyOrderSummary" time="25.176"/>
  <system-out/>
</testsuite> <!-- Interview.CartCheckoutTest -->
